[0.015s] Invoking command in '/home/nakarin/RoboticsDevExam2/build/sun_interfaces': CMAKE_PREFIX_PATH=${CMAKE_PREFIX_PATH}:/home/nakarin/RoboticsDev/install/launch_testing_examples:/home/nakarin/RoboticsDev/install/examples_rclpy_pointcloud_publisher:/home/nakarin/RoboticsDev/install/examples_rclpy_minimal_subscriber:/home/nakarin/RoboticsDev/install/examples_rclpy_minimal_service:/home/nakarin/RoboticsDev/install/examples_rclpy_minimal_publisher:/home/nakarin/RoboticsDev/install/examples_rclpy_minimal_client:/home/nakarin/RoboticsDev/install/examples_rclpy_minimal_action_server:/home/nakarin/RoboticsDev/install/examples_rclpy_minimal_action_client:/home/nakarin/RoboticsDev/install/examples_rclpy_guard_conditions:/home/nakarin/RoboticsDev/install/examples_rclpy_executors:/opt/ros/humble /usr/bin/cmake --build /home/nakarin/RoboticsDevExam2/build/sun_interfaces -- -j8 -l8
[0.039s] -- Found ament_cmake: 1.3.10 (/opt/ros/humble/share/ament_cmake/cmake)
[0.180s] -- Found rosidl_default_generators: 1.2.0 (/opt/ros/humble/share/rosidl_default_generators/cmake)
[0.186s] -- Using all available rosidl_typesupport_c: rosidl_typesupport_fastrtps_c;rosidl_typesupport_introspection_c
[0.188s] -- Found rosidl_adapter: 3.1.5 (/opt/ros/humble/share/rosidl_adapter/cmake)
[0.217s] -- Using all available rosidl_typesupport_cpp: rosidl_typesupport_fastrtps_cpp;rosidl_typesupport_introspection_cpp
[0.423s] [31mCMake Error at /opt/ros/humble/share/rosidl_adapter/cmake/rosidl_adapt_interfaces.cmake:59 (message):
[0.423s]   execute_process(/usr/bin/python3 -m rosidl_adapter --package-name
[0.423s]   sun_interfaces --arguments-file
[0.423s]   /home/nakarin/RoboticsDevExam2/build/sun_interfaces/rosidl_adapter__arguments__sun_interfaces.json
[0.423s]   --output-dir
[0.423s]   /home/nakarin/RoboticsDevExam2/build/sun_interfaces/rosidl_adapter/sun_interfaces
[0.423s]   --output-file
[0.423s]   /home/nakarin/RoboticsDevExam2/build/sun_interfaces/rosidl_adapter/sun_interfaces.idls)
[0.423s]   returned error code 1:
[0.423s] 
[0.423s]   Error processing 'float64[][] data' of 'sun_interfaces/PizzaPose_Request':
[0.423s]   ''float64[]' is an invalid message name.  It should have the pattern
[0.423s]   '^[A-Z][A-Za-z0-9]*$''
[0.424s] 
[0.424s]   Traceback (most recent call last):
[0.424s] 
[0.424s]     File "/usr/lib/python3.10/runpy.py", line 196, in _run_module_as_main
[0.424s]       return _run_code(code, main_globals, None,
[0.424s]     File "/usr/lib/python3.10/runpy.py", line 86, in _run_code
[0.424s]       exec(code, run_globals)
[0.424s]     File "/opt/ros/humble/local/lib/python3.10/dist-packages/rosidl_adapter/__main__.py", line 19, in <module>
[0.424s]       sys.exit(main())
[0.424s]     File "/opt/ros/humble/local/lib/python3.10/dist-packages/rosidl_adapter/main.py", line 53, in main
[0.424s]       abs_idl_file = convert_to_idl(
[0.424s]     File "/opt/ros/humble/local/lib/python3.10/dist-packages/rosidl_adapter/__init__.py", line 24, in convert_to_idl
[0.424s]       return convert_srv_to_idl(
[0.424s]     File "/opt/ros/humble/local/lib/python3.10/dist-packages/rosidl_adapter/srv/__init__.py", line 28, in convert_srv_to_idl
[0.424s]       srv = parse_service_string(package_name, input_file.stem, content)
[0.425s]     File "/opt/ros/humble/local/lib/python3.10/dist-packages/rosidl_adapter/parser.py", line 859, in parse_service_string
[0.425s]       request_message = parse_message_string(
[0.425s]     File "/opt/ros/humble/local/lib/python3.10/dist-packages/rosidl_adapter/parser.py", line 520, in parse_message_string
[0.425s]       Type(type_string, context_package_name=pkg_name),
[0.425s]     File "/opt/ros/humble/local/lib/python3.10/dist-packages/rosidl_adapter/parser.py", line 277, in __init__
[0.425s]       super(Type, self).__init__(
[0.425s]     File "/opt/ros/humble/local/lib/python3.10/dist-packages/rosidl_adapter/parser.py", line 205, in __init__
[0.425s]       raise InvalidResourceName(
[0.425s] 
[0.425s]   rosidl_adapter.parser.InvalidResourceName: 'float64[]' is an invalid
[0.425s]   message name.  It should have the pattern '^[A-Z][A-Za-z0-9]*$'
[0.426s] 
[0.426s] Call Stack (most recent call first):
[0.426s]   /opt/ros/humble/share/rosidl_cmake/cmake/rosidl_generate_interfaces.cmake:130 (rosidl_adapt_interfaces)
[0.426s]   CMakeLists.txt:15 (rosidl_generate_interfaces)
[0.426s] 
[0.426s] [0m
[0.426s] -- Configuring incomplete, errors occurred!
[0.426s] See also "/home/nakarin/RoboticsDevExam2/build/sun_interfaces/CMakeFiles/CMakeOutput.log".
[0.428s] gmake: *** [Makefile:747: cmake_check_build_system] Error 1
[0.431s] Invoked command in '/home/nakarin/RoboticsDevExam2/build/sun_interfaces' returned '2': CMAKE_PREFIX_PATH=${CMAKE_PREFIX_PATH}:/home/nakarin/RoboticsDev/install/launch_testing_examples:/home/nakarin/RoboticsDev/install/examples_rclpy_pointcloud_publisher:/home/nakarin/RoboticsDev/install/examples_rclpy_minimal_subscriber:/home/nakarin/RoboticsDev/install/examples_rclpy_minimal_service:/home/nakarin/RoboticsDev/install/examples_rclpy_minimal_publisher:/home/nakarin/RoboticsDev/install/examples_rclpy_minimal_client:/home/nakarin/RoboticsDev/install/examples_rclpy_minimal_action_server:/home/nakarin/RoboticsDev/install/examples_rclpy_minimal_action_client:/home/nakarin/RoboticsDev/install/examples_rclpy_guard_conditions:/home/nakarin/RoboticsDev/install/examples_rclpy_executors:/opt/ros/humble /usr/bin/cmake --build /home/nakarin/RoboticsDevExam2/build/sun_interfaces -- -j8 -l8
